c:\source\repos\3831c825-gr02-repo\project\sll_proj\x64\debug\vc143.pdb
c:\source\repos\3831c825-gr02-repo\project\sll_proj\x64\debug\vc143.idb
c:\source\repos\3831c825-gr02-repo\project\sll_proj\x64\debug\sll_proj.obj
c:\source\repos\3831c825-gr02-repo\project\sll_proj\x64\debug\classes.obj
c:\source\repos\3831c825-gr02-repo\project\sll_proj\x64\debug\sll_proj.pdb
c:\source\repos\3831c825-gr02-repo\project\sll_proj\x64\debug\sll_proj.tlog\cl.command.1.tlog
c:\source\repos\3831c825-gr02-repo\project\sll_proj\x64\debug\sll_proj.tlog\cl.items.tlog
c:\source\repos\3831c825-gr02-repo\project\sll_proj\x64\debug\sll_proj.tlog\cl.read.1.tlog
c:\source\repos\3831c825-gr02-repo\project\sll_proj\x64\debug\sll_proj.tlog\cl.write.1.tlog
c:\source\repos\3831c825-gr02-repo\project\sll_proj\x64\debug\sll_proj.tlog\link.23964-cvtres.read.1.tlog
c:\source\repos\3831c825-gr02-repo\project\sll_proj\x64\debug\sll_proj.tlog\link.23964-cvtres.write.1.tlog
c:\source\repos\3831c825-gr02-repo\project\sll_proj\x64\debug\sll_proj.tlog\link.23964-rc.read.1.tlog
c:\source\repos\3831c825-gr02-repo\project\sll_proj\x64\debug\sll_proj.tlog\link.23964-rc.write.1.tlog
c:\source\repos\3831c825-gr02-repo\project\sll_proj\x64\debug\sll_proj.tlog\link.23964.read.1.tlog
c:\source\repos\3831c825-gr02-repo\project\sll_proj\x64\debug\sll_proj.tlog\link.23964.read.2.tlog
c:\source\repos\3831c825-gr02-repo\project\sll_proj\x64\debug\sll_proj.tlog\link.23964.read.3.tlog
c:\source\repos\3831c825-gr02-repo\project\sll_proj\x64\debug\sll_proj.tlog\link.23964.read.4.tlog
c:\source\repos\3831c825-gr02-repo\project\sll_proj\x64\debug\sll_proj.tlog\link.23964.write.1.tlog
c:\source\repos\3831c825-gr02-repo\project\sll_proj\x64\debug\sll_proj.tlog\link.command.1.tlog
c:\source\repos\3831c825-gr02-repo\project\sll_proj\x64\debug\sll_proj.tlog\link.read.1.tlog
c:\source\repos\3831c825-gr02-repo\project\sll_proj\x64\debug\sll_proj.tlog\link.write.1.tlog
